  Actor.cpp
C:\Users\Frncs\Desktop\School 22-23\CS30\Project4\IceMan-skeleton-windows\IceMan-skeleton-windows\IceMan\IceMan\StudentWorld.h(26,13): warning C4244: 'argument': conversion from 'time_t' to 'unsigned int', possible loss of data
C:\Users\Frncs\Desktop\School 22-23\CS30\Project4\IceMan-skeleton-windows\IceMan-skeleton-windows\IceMan\IceMan\StudentWorld.h(62,89): warning C4244: 'return': conversion from 'double' to 'int', possible loss of data
C:\Users\Frncs\Desktop\School 22-23\CS30\Project4\IceMan-skeleton-windows\IceMan-skeleton-windows\IceMan\IceMan\Actor.cpp(8,13): warning C4244: 'return': conversion from 'double' to 'float', possible loss of data
C:\Users\Frncs\Desktop\School 22-23\CS30\Project4\IceMan-skeleton-windows\IceMan-skeleton-windows\IceMan\IceMan\Actor.cpp(12,13): warning C4244: 'return': conversion from 'double' to 'float', possible loss of data
C:\Users\Frncs\Desktop\School 22-23\CS30\Project4\IceMan-skeleton-windows\IceMan-skeleton-windows\IceMan\IceMan\Actor.cpp(16,13): warning C4018: '>=': signed/unsigned mismatch
C:\Users\Frncs\Desktop\School 22-23\CS30\Project4\IceMan-skeleton-windows\IceMan-skeleton-windows\IceMan\IceMan\Actor.cpp(16,31): warning C4018: '<': signed/unsigned mismatch
C:\Users\Frncs\Desktop\School 22-23\CS30\Project4\IceMan-skeleton-windows\IceMan-skeleton-windows\IceMan\IceMan\Actor.cpp(16,69): warning C4018: '>=': signed/unsigned mismatch
C:\Users\Frncs\Desktop\School 22-23\CS30\Project4\IceMan-skeleton-windows\IceMan-skeleton-windows\IceMan\IceMan\Actor.cpp(16,87): warning C4018: '<': signed/unsigned mismatch
  StudentWorld.cpp
C:\Users\Frncs\Desktop\School 22-23\CS30\Project4\IceMan-skeleton-windows\IceMan-skeleton-windows\IceMan\IceMan\StudentWorld.h(26,13): warning C4244: 'argument': conversion from 'time_t' to 'unsigned int', possible loss of data
C:\Users\Frncs\Desktop\School 22-23\CS30\Project4\IceMan-skeleton-windows\IceMan-skeleton-windows\IceMan\IceMan\StudentWorld.h(62,89): warning C4244: 'return': conversion from 'double' to 'int', possible loss of data
C:\Users\Frncs\Desktop\School 22-23\CS30\Project4\IceMan-skeleton-windows\IceMan-skeleton-windows\IceMan\IceMan\StudentWorld.cpp(17,40): warning C4244: 'argument': conversion from '_Rep' to 'unsigned int', possible loss of data
          with
          [
              _Rep=__int64
          ]
C:\Program Files\Microsoft Visual Studio\2022\Community\VC\Tools\MSVC\14.35.32215\include\memory(3393,56): warning C4244: 'argument': conversion from '_Ty' to 'unsigned int', possible loss of data
          with
          [
              _Ty=double
          ]
C:\Users\Frncs\Desktop\School 22-23\CS30\Project4\IceMan-skeleton-windows\IceMan-skeleton-windows\IceMan\IceMan\StudentWorld.cpp(264): message : see reference to function template instantiation 'std::unique_ptr<Squirt,std::default_delete<Squirt>> std::make_unique<Squirt,StudentWorld&,int,int,GraphObject::Direction,double,double,0>(StudentWorld &,int &&,int &&,GraphObject::Direction &&,double &&,double &&)' being compiled
  Generating Code...
  IceMan.vcxproj -> C:\Users\Frncs\Desktop\School 22-23\CS30\Project4\IceMan-skeleton-windows\IceMan-skeleton-windows\IceMan\Debug\IceMan.exe
